# JRE version: OpenJDK Runtime Environment (8.0_242-b01) (build 1.8.0_242-release-1644-b01)
# Java VM: OpenJDK 64-Bit Server VM (25.242-b01 mixed mode windows-amd64 compressed oops)
Heap:
 PSYoungGen      total 98304K, used 61152K [0x00000000d5580000, 0x00000000dc080000, 0x0000000100000000)
  eden space 91648K, 59% used [0x00000000d5580000,0x00000000d8abc540,0x00000000daf00000)
  from space 6656K, 99% used [0x00000000db700000,0x00000000dbd7beb8,0x00000000dbd80000)
  to   space 8192K, 0% used [0x00000000daf00000,0x00000000daf00000,0x00000000db700000)
 ParOldGen       total 28160K, used 11325K [0x0000000080000000, 0x0000000081b80000, 0x00000000d5580000)
  object space 28160K, 40% used [0x0000000080000000,0x0000000080b0f5c0,0x0000000081b80000)
 Metaspace       used 33021K, capacity 34224K, committed 34560K, reserved 1079296K
  class space    used 4475K, capacity 4759K, committed 4864K, reserved 1048576K
GC Heap History (10 events):
Event: 7.713 GC heap before
{Heap before GC invocations=7 (full 0):
 PSYoungGen      total 50688K, used 50608K [0x00000000d5580000, 0x00000000d8c80000, 0x0000000100000000)
  eden space 46592K, 100% used [0x00000000d5580000,0x00000000d8300000,0x00000000d8300000)
  from space 4096K, 98% used [0x00000000d8780000,0x00000000d8b6c010,0x00000000d8b80000)
  to   space 4608K, 0% used [0x00000000d8300000,0x00000000d8300000,0x00000000d8780000)
 ParOldGen       total 30208K, used 4244K [0x0000000080000000, 0x0000000081d80000, 0x00000000d5580000)
  object space 30208K, 14% used [0x0000000080000000,0x0000000080425320,0x0000000081d80000)
 Metaspace       used 16496K, capacity 17224K, committed 17536K, reserved 1064960K
  class space    used 2181K, capacity 2382K, committed 2432K, reserved 1048576K
Event: 7.747 GC heap after
Heap after GC invocations=7 (full 0):
 PSYoungGen      total 51200K, used 4603K [0x00000000d5580000, 0x00000000dbd80000, 0x0000000100000000)
  eden space 46592K, 0% used [0x00000000d5580000,0x00000000d5580000,0x00000000d8300000)
  from space 4608K, 99% used [0x00000000d8300000,0x00000000d877eea8,0x00000000d8780000)
  to   space 6656K, 0% used [0x00000000db700000,0x00000000db700000,0x00000000dbd80000)
 ParOldGen       total 30208K, used 7172K [0x0000000080000000, 0x0000000081d80000, 0x00000000d5580000)
  object space 30208K, 23% used [0x0000000080000000,0x0000000080701190,0x0000000081d80000)
 Metaspace       used 16496K, capacity 17224K, committed 17536K, reserved 1064960K
  class space    used 2181K, capacity 2382K, committed 2432K, reserved 1048576K
}
Event: 12.277 GC heap before
{Heap before GC invocations=8 (full 0):
 PSYoungGen      total 51200K, used 51195K [0x00000000d5580000, 0x00000000dbd80000, 0x0000000100000000)
  eden space 46592K, 100% used [0x00000000d5580000,0x00000000d8300000,0x00000000d8300000)
  from space 4608K, 99% used [0x00000000d8300000,0x00000000d877eea8,0x00000000d8780000)
  to   space 6656K, 0% used [0x00000000db700000,0x00000000db700000,0x00000000dbd80000)
 ParOldGen       total 30208K, used 7172K [0x0000000080000000, 0x0000000081d80000, 0x00000000d5580000)
  object space 30208K, 23% used [0x0000000080000000,0x0000000080701190,0x0000000081d80000)
 Metaspace       used 19693K, capacity 20444K, committed 20608K, reserved 1067008K
  class space    used 2720K, capacity 2892K, committed 2944K, reserved 1048576K
Event: 12.296 GC heap after
Heap after GC invocations=8 (full 0):
 PSYoungGen      total 98304K, used 6632K [0x00000000d5580000, 0x00000000dc080000, 0x0000000100000000)
  eden space 91648K, 0% used [0x00000000d5580000,0x00000000d5580000,0x00000000daf00000)
  from space 6656K, 99% used [0x00000000db700000,0x00000000dbd7a310,0x00000000dbd80000)
  to   space 8192K, 0% used [0x00000000daf00000,0x00000000daf00000,0x00000000db700000)
 ParOldGen       total 30208K, used 8024K [0x0000000080000000, 0x0000000081d80000, 0x00000000d5580000)
  object space 30208K, 26% used [0x0000000080000000,0x00000000807d6070,0x0000000081d80000)
 Metaspace       used 19693K, capacity 20444K, committed 20608K, reserved 1067008K
  class space    used 2720K, capacity 2892K, committed 2944K, reserved 1048576K
}
Event: 12.890 GC heap before
{Heap before GC invocations=9 (full 0):
 PSYoungGen      total 98304K, used 15716K [0x00000000d5580000, 0x00000000dc080000, 0x0000000100000000)
  eden space 91648K, 9% used [0x00000000d5580000,0x00000000d5e5ed20,0x00000000daf00000)
  from space 6656K, 99% used [0x00000000db700000,0x00000000dbd7a310,0x00000000dbd80000)
  to   space 8192K, 0% used [0x00000000daf00000,0x00000000daf00000,0x00000000db700000)
 ParOldGen       total 30208K, used 8024K [0x0000000080000000, 0x0000000081d80000, 0x00000000d5580000)
  object space 30208K, 26% used [0x0000000080000000,0x00000000807d6070,0x0000000081d80000)
 Metaspace       used 20439K, capacity 21204K, committed 21248K, reserved 1067008K
  class space    used 2842K, capacity 3032K, committed 3072K, reserved 1048576K
Event: 12.904 GC heap after
Heap after GC invocations=9 (full 0):
 PSYoungGen      total 99840K, used 3778K [0x00000000d5580000, 0x00000000dc080000, 0x0000000100000000)
  eden space 91648K, 0% used [0x00000000d5580000,0x00000000d5580000,0x00000000daf00000)
  from space 8192K, 46% used [0x00000000daf00000,0x00000000db2b0af0,0x00000000db700000)
  to   space 6656K, 0% used [0x00000000db700000,0x00000000db700000,0x00000000dbd80000)
 ParOldGen       total 30208K, used 9188K [0x0000000080000000, 0x0000000081d80000, 0x00000000d5580000)
  object space 30208K, 30% used [0x0000000080000000,0x00000000808f90a0,0x0000000081d80000)
 Metaspace       used 20439K, capacity 21204K, committed 21248K, reserved 1067008K
  class space    used 2842K, capacity 3032K, committed 3072K, reserved 1048576K
}
Event: 12.904 GC heap before
{Heap before GC invocations=10 (full 1):
 PSYoungGen      total 99840K, used 3778K [0x00000000d5580000, 0x00000000dc080000, 0x0000000100000000)
  eden space 91648K, 0% used [0x00000000d5580000,0x00000000d5580000,0x00000000daf00000)
  from space 8192K, 46% used [0x00000000daf00000,0x00000000db2b0af0,0x00000000db700000)
  to   space 6656K, 0% used [0x00000000db700000,0x00000000db700000,0x00000000dbd80000)
 ParOldGen       total 30208K, used 9188K [0x0000000080000000, 0x0000000081d80000, 0x00000000d5580000)
  object space 30208K, 30% used [0x0000000080000000,0x00000000808f90a0,0x0000000081d80000)
 Metaspace       used 20439K, capacity 21204K, committed 21248K, reserved 1067008K
  class space    used 2842K, capacity 3032K, committed 3072K, reserved 1048576K
Event: 13.059 GC heap after
Heap after GC invocations=10 (full 1):
 PSYoungGen      total 99840K, used 0K [0x00000000d5580000, 0x00000000dc080000, 0x0000000100000000)
  eden space 91648K, 0% used [0x00000000d5580000,0x00000000d5580000,0x00000000daf00000)
  from space 8192K, 0% used [0x00000000daf00000,0x00000000daf00000,0x00000000db700000)
  to   space 6656K, 0% used [0x00000000db700000,0x00000000db700000,0x00000000dbd80000)
 ParOldGen       total 28160K, used 7815K [0x0000000080000000, 0x0000000081b80000, 0x00000000d5580000)
  object space 28160K, 27% used [0x0000000080000000,0x00000000807a1cb0,0x0000000081b80000)
 Metaspace       used 20439K, capacity 21204K, committed 21248K, reserved 1067008K
  class space    used 2842K, capacity 3032K, committed 3072K, reserved 1048576K
}
Event: 21.655 GC heap before
{Heap before GC invocations=11 (full 1):
 PSYoungGen      total 99840K, used 91648K [0x00000000d5580000, 0x00000000dc080000, 0x0000000100000000)
  eden space 91648K, 100% used [0x00000000d5580000,0x00000000daf00000,0x00000000daf00000)
  from space 8192K, 0% used [0x00000000daf00000,0x00000000daf00000,0x00000000db700000)
  to   space 6656K, 0% used [0x00000000db700000,0x00000000db700000,0x00000000dbd80000)
 ParOldGen       total 28160K, used 7815K [0x0000000080000000, 0x0000000081b80000, 0x00000000d5580000)
  object space 28160K, 27% used [0x0000000080000000,0x00000000807a1cb0,0x0000000081b80000)
 Metaspace       used 29417K, capacity 30542K, committed 30720K, reserved 1075200K
  class space    used 4063K, capacity 4342K, committed 4352K, reserved 1048576K
Event: 21.676 GC heap after
Heap after GC invocations=11 (full 1):
 PSYoungGen      total 98304K, used 6639K [0x00000000d5580000, 0x00000000dc080000, 0x0000000100000000)
  eden space 91648K, 0% used [0x00000000d5580000,0x00000000d5580000,0x00000000daf00000)
  from space 6656K, 99% used [0x00000000db700000,0x00000000dbd7beb8,0x00000000dbd80000)
  to   space 8192K, 0% used [0x00000000daf00000,0x00000000daf00000,0x00000000db700000)
 ParOldGen       total 28160K, used 11325K [0x0000000080000000, 0x0000000081b80000, 0x00000000d5580000)
  object space 28160K, 40% used [0x0000000080000000,0x0000000080b0f5c0,0x0000000081b80000)
 Metaspace       used 29417K, capacity 30542K, committed 30720K, reserved 1075200K
  class space    used 4063K, capacity 4342K, committed 4352K, reserved 1048576K
}

